c:\users\freed\documents\visual studio 2015\projects\cppprimer\cppprimer\debug\vc140.pdb
c:\users\freed\documents\visual studio 2015\projects\cppprimer\cppprimer\debug\vc140.idb
c:\users\freed\documents\visual studio 2015\projects\cppprimer\cppprimer\debug\exec1.10.obj
c:\users\freed\documents\visual studio 2015\projects\cppprimer\cppprimer\debug\exec1.11.obj
c:\users\freed\documents\visual studio 2015\projects\cppprimer\cppprimer\debug\exec1.16.obj
c:\users\freed\documents\visual studio 2015\projects\cppprimer\cppprimer\debug\exec1.17.obj
c:\users\freed\documents\visual studio 2015\projects\cppprimer\cppprimer\debug\exec1.2.obj
c:\users\freed\documents\visual studio 2015\projects\cppprimer\cppprimer\debug\exec1.20.obj
c:\users\freed\documents\visual studio 2015\projects\cppprimer\cppprimer\debug\exec1.25.obj
c:\users\freed\documents\visual studio 2015\projects\cppprimer\cppprimer\debug\exec1.4.obj
c:\users\freed\documents\visual studio 2015\projects\cppprimer\cppprimer\debug\exec1.8.obj
c:\users\freed\documents\visual studio 2015\projects\cppprimer\cppprimer\debug\exec1.9.obj
c:\users\freed\documents\visual studio 2015\projects\cppprimer\debug\cppprimer.pdb
c:\users\freed\documents\visual studio 2015\projects\cppprimer\cppprimer\debug\cppprimer.tlog\cl.command.1.tlog
c:\users\freed\documents\visual studio 2015\projects\cppprimer\cppprimer\debug\cppprimer.tlog\cl.read.1.tlog
c:\users\freed\documents\visual studio 2015\projects\cppprimer\cppprimer\debug\cppprimer.tlog\cl.write.1.tlog
c:\users\freed\documents\visual studio 2015\projects\cppprimer\cppprimer\debug\cppprimer.tlog\link-cvtres.read.1.tlog
c:\users\freed\documents\visual studio 2015\projects\cppprimer\cppprimer\debug\cppprimer.tlog\link-cvtres.write.1.tlog
c:\users\freed\documents\visual studio 2015\projects\cppprimer\cppprimer\debug\cppprimer.tlog\link-rc.read.1.tlog
c:\users\freed\documents\visual studio 2015\projects\cppprimer\cppprimer\debug\cppprimer.tlog\link-rc.write.1.tlog
c:\users\freed\documents\visual studio 2015\projects\cppprimer\cppprimer\debug\cppprimer.tlog\link.command.1.tlog
c:\users\freed\documents\visual studio 2015\projects\cppprimer\cppprimer\debug\cppprimer.tlog\link.read.1.tlog
c:\users\freed\documents\visual studio 2015\projects\cppprimer\cppprimer\debug\cppprimer.tlog\link.write.1.tlog
